#
# There is insufficient memory for the Java Runtime Environment to continue.
# Native memory allocation (mmap) failed to map 264241152 bytes for Failed to commit area from 0x0000000704000000 to 0x0000000713c00000 of length 264241152.
# Possible reasons:
#   The system is out of physical RAM or swap space
#   The process is running with CompressedOops enabled, and the Java Heap may be blocking the growth of the native heap
# Possible solutions:
#   Reduce memory load on the system
#   Increase physical memory or swap space
#   Check if swap backing store is full
#   Decrease Java heap size (-Xmx/-Xms)
#   Decrease number of Java threads
#   Decrease Java thread stack sizes (-Xss)
#   Set larger code cache with -XX:ReservedCodeCacheSize=
# This output file may be truncated or incomplete.
#
#  Out of Memory Error (./src/hotspot/os/windows/os_windows.cpp:3387), pid=29312, tid=25400
#
# JRE version:  (11.0.14.1+1) (build )
# Java VM: OpenJDK 64-Bit Server VM (11.0.14.1+1, mixed mode, sharing, tiered, compressed oops, g1 gc, windows-amd64)
# No core dump will be written. Minidumps are not enabled by default on client versions of Windows
#

---------------  S U M M A R Y ------------

Command Line: -Dfile.encoding=UTF-8 

Host: 11th Gen Intel(R) Core(TM) i5-11260H @ 2.60GHz, 12 cores, 15G,  Windows 11 , 64 bit Build 22621 (10.0.22621.3527)
Time: Fri May 24 15:49:35 2024 SE Asia Standard Time elapsed time: 0.011316 seconds (0d 0h 0m 0s)

---------------  T H R E A D  ---------------

Current thread (0x00000157e471e000):  JavaThread "Unknown thread" [_thread_in_vm, id=25400, stack(0x0000000545100000,0x0000000545200000)]

Stack: [0x0000000545100000,0x0000000545200000]
Native frames: (J=compiled Java code, j=interpreted, Vv=VM code, C=native code)
V  [jvm.dll+0x61e59a]
V  [jvm.dll+0x7aaca9]
V  [jvm.dll+0x7ac398]
V  [jvm.dll+0x7aca73]
V  [jvm.dll+0x24f9b8]
V  [jvm.dll+0x61b83a]
V  [jvm.dll+0x6100c5]
V  [jvm.dll+0x30772c]
V  [jvm.dll+0x3075b2]
V  [jvm.dll+0x30c2d6]
V  [jvm.dll+0x35272f]
V  [jvm.dll+0x352160]
V  [jvm.dll+0x2e4728]
V  [jvm.dll+0x2e5886]
V  [jvm.dll+0x784b07]
V  [jvm.dll+0x78628f]
V  [jvm.dll+0x35f479]
V  [jvm.dll+0x767aa0]
V  [jvm.dll+0x3ccf1f]
V  [jvm.dll+0x3cf2b1]
C  [jli.dll+0x5207]
C  [ucrtbase.dll+0x29333]
C  [KERNEL32.DLL+0x1257d]
C  [ntdll.dll+0x5aa48]


---------------  P R O C E S S  ---------------

Threads class SMR info:
_java_thread_list=0x00000157e4646740, length=0, elements={
}

Java Threads: ( => current thread )

Other Threads:
  0x00000157e68d7800 GCTaskThread "GC Thread#0" [stack: 0x0000000545200000,0x0000000545300000] [id=31140]
  0x00000157e6936000 ConcurrentGCThread "G1 Main Marker" [stack: 0x0000000545300000,0x0000000545400000] [id=20800]
  0x00000157e6937800 ConcurrentGCThread "G1 Conc#0" [stack: 0x0000000545400000,0x0000000545500000] [id=25820]

[error occurred during error reporting (printing all threads), id 0xc0000005, EXCEPTION_ACCESS_VIOLATION (0xc0000005) at pc=0x00007ffad6fb3ef7]

VM state:not at safepoint (not fully initialized)

VM Mutex/Monitor currently owned by a thread:  ([mutex/lock_event])
[0x00000157e471b230] Heap_lock - owner thread: 0x00000157e471e000

Heap address: 0x0000000704000000, size: 4032 MB, Compressed Oops mode: Non-zero based: 0x0000000704000000
Narrow klass base: 0x0000000000000000, Narrow klass shift: 0

GC Heap History (0 events):
No events

Deoptimization events (0 events):
No events

Classes redefined (0 events):
No events

Internal exceptions (0 events):
No events

Events (1 events):
Event: 0.007 Loaded shared library C:\Program Files\Unity\Hub\Editor\2022.3.5f1\Editor\Data\PlaybackEngines\AndroidPlayer\OpenJDK\bin\zip.dll


Dynamic libraries:
0x00007ff7912a0000 - 0x00007ff7912ad000 	C:\Program Files\Unity\Hub\Editor\2022.3.5f1\Editor\Data\PlaybackEngines\AndroidPlayer\OpenJDK\bin\java.exe
0x00007ffc009b0000 - 0x00007ffc00bc7000 	C:\Windows\SYSTEM32\ntdll.dll
0x00007ffbff5d0000 - 0x00007ffbff694000 	C:\Windows\System32\KERNEL32.DLL
0x00007ffbfe080000 - 0x00007ffbfe427000 	C:\Windows\System32\KERNELBASE.dll
0x00007ffbfdcd0000 - 0x00007ffbfdde1000 	C:\Windows\System32\ucrtbase.dll
0x00007ffbaf9f0000 - 0x00007ffbafa07000 	C:\Program Files\Unity\Hub\Editor\2022.3.5f1\Editor\Data\PlaybackEngines\AndroidPlayer\OpenJDK\bin\jli.dll
0x00007ffbceac0000 - 0x00007ffbcead5000 	C:\Program Files\Unity\Hub\Editor\2022.3.5f1\Editor\Data\PlaybackEngines\AndroidPlayer\OpenJDK\bin\VCRUNTIME140.dll
0x00007ffbfe880000 - 0x00007ffbfea2e000 	C:\Windows\System32\USER32.dll
0x00007ffbfe430000 - 0x00007ffbfe456000 	C:\Windows\System32\win32u.dll
0x00007ffbe82c0000 - 0x00007ffbe8553000 	C:\Windows\WinSxS\amd64_microsoft.windows.common-controls_6595b64144ccf1df_6.0.22621.3527_none_270e469b73872a76\COMCTL32.dll
0x00007ffbff3e0000 - 0x00007ffbff409000 	C:\Windows\System32\GDI32.dll
0x00007ffc00680000 - 0x00007ffc00727000 	C:\Windows\System32\msvcrt.dll
0x00007ffbfe500000 - 0x00007ffbfe619000 	C:\Windows\System32\gdi32full.dll
0x00007ffbfdf60000 - 0x00007ffbfdffa000 	C:\Windows\System32\msvcp_win.dll
0x00007ffbfeae0000 - 0x00007ffbfeb11000 	C:\Windows\System32\IMM32.DLL
0x00007ffbaf5e0000 - 0x00007ffbaf67b000 	C:\Program Files\Unity\Hub\Editor\2022.3.5f1\Editor\Data\PlaybackEngines\AndroidPlayer\OpenJDK\bin\msvcp140.dll
0x00007ffad6cc0000 - 0x00007ffad7841000 	C:\Program Files\Unity\Hub\Editor\2022.3.5f1\Editor\Data\PlaybackEngines\AndroidPlayer\OpenJDK\bin\server\jvm.dll
0x00007ffbff6a0000 - 0x00007ffbff752000 	C:\Windows\System32\ADVAPI32.dll
0x00007ffbfe6f0000 - 0x00007ffbfe798000 	C:\Windows\System32\sechost.dll
0x00007ffbfe4d0000 - 0x00007ffbfe4f8000 	C:\Windows\System32\bcrypt.dll
0x00007ffc00510000 - 0x00007ffc00625000 	C:\Windows\System32\RPCRT4.dll
0x00007ffbffb70000 - 0x00007ffbffb78000 	C:\Windows\System32\PSAPI.DLL
0x00007ffbf3f00000 - 0x00007ffbf3f34000 	C:\Windows\SYSTEM32\WINMM.dll
0x00007ffbf3e70000 - 0x00007ffbf3e7a000 	C:\Windows\SYSTEM32\VERSION.dll
0x00007ffbcea60000 - 0x00007ffbcea69000 	C:\Windows\SYSTEM32\WSOCK32.dll
0x00007ffbffaf0000 - 0x00007ffbffb61000 	C:\Windows\System32\WS2_32.dll
0x00007ffbfcd40000 - 0x00007ffbfcd58000 	C:\Windows\SYSTEM32\kernel.appcore.dll
0x00007ffbaf9e0000 - 0x00007ffbaf9f0000 	C:\Program Files\Unity\Hub\Editor\2022.3.5f1\Editor\Data\PlaybackEngines\AndroidPlayer\OpenJDK\bin\verify.dll
0x00007ffbfb530000 - 0x00007ffbfb762000 	C:\Windows\SYSTEM32\DBGHELP.DLL
0x00007ffbff760000 - 0x00007ffbffae8000 	C:\Windows\System32\combase.dll
0x00007ffbfe7a0000 - 0x00007ffbfe877000 	C:\Windows\System32\OLEAUT32.dll
0x00007ffbf25b0000 - 0x00007ffbf25e2000 	C:\Windows\SYSTEM32\dbgcore.DLL
0x00007ffbfe000000 - 0x00007ffbfe079000 	C:\Windows\System32\bcryptPrimitives.dll
0x00007ffbaf9b0000 - 0x00007ffbaf9d8000 	C:\Program Files\Unity\Hub\Editor\2022.3.5f1\Editor\Data\PlaybackEngines\AndroidPlayer\OpenJDK\bin\java.dll
0x00007ffbaf9a0000 - 0x00007ffbaf9aa000 	C:\Program Files\Unity\Hub\Editor\2022.3.5f1\Editor\Data\PlaybackEngines\AndroidPlayer\OpenJDK\bin\jimage.dll
0x00007ffbaf5c0000 - 0x00007ffbaf5d8000 	C:\Program Files\Unity\Hub\Editor\2022.3.5f1\Editor\Data\PlaybackEngines\AndroidPlayer\OpenJDK\bin\zip.dll

dbghelp: loaded successfully - version: 4.0.5 - missing functions: none
symbol engine: initialized successfully - sym options: 0x614 - pdb path: .;C:\Program Files\Unity\Hub\Editor\2022.3.5f1\Editor\Data\PlaybackEngines\AndroidPlayer\OpenJDK\bin;C:\Windows\SYSTEM32;C:\Windows\WinSxS\amd64_microsoft.windows.common-controls_6595b64144ccf1df_6.0.22621.3527_none_270e469b73872a76;C:\Program Files\Unity\Hub\Editor\2022.3.5f1\Editor\Data\PlaybackEngines\AndroidPlayer\OpenJDK\bin\server

VM Arguments:
jvm_args: -Dfile.encoding=UTF-8 
java_command: <unknown>
java_class_path (initial): <not set>
Launcher Type: SUN_STANDARD

[Global flags]
     intx CICompilerCount                          = 4                                         {product} {ergonomic}
     uint ConcGCThreads                            = 3                                         {product} {ergonomic}
     uint G1ConcRefinementThreads                  = 10                                        {product} {ergonomic}
   size_t G1HeapRegionSize                         = 1048576                                   {product} {ergonomic}
    uintx GCDrainStackTargetSize                   = 64                                        {product} {ergonomic}
   size_t InitialHeapSize                          = 264241152                                 {product} {ergonomic}
   size_t MarkStackSize                            = 4194304                                   {product} {ergonomic}
   size_t MaxHeapSize                              = 4227858432                                {product} {ergonomic}
   size_t MinHeapDeltaBytes                        = 1048576                                   {product} {ergonomic}
    uintx NonNMethodCodeHeapSize                   = 5836300                                {pd product} {ergonomic}
    uintx NonProfiledCodeHeapSize                  = 122910970                              {pd product} {ergonomic}
    uintx ProfiledCodeHeapSize                     = 122910970                              {pd product} {ergonomic}
    uintx ReservedCodeCacheSize                    = 251658240                              {pd product} {ergonomic}
     bool SegmentedCodeCache                       = true                                      {product} {ergonomic}
     bool UseCompressedClassPointers               = true                                 {lp64_product} {ergonomic}
     bool UseCompressedOops                        = true                                 {lp64_product} {ergonomic}
     bool UseG1GC                                  = true                                      {product} {ergonomic}
     bool UseLargePagesIndividualAllocation        = false                                  {pd product} {ergonomic}

Logging:
Log output configuration:
 #0: stdout all=warning uptime,level,tags
 #1: stderr all=off uptime,level,tags

Environment Variables:
JAVA_HOME=C:\Program Files\Unity\Hub\Editor\2022.3.5f1\Editor\Data\PlaybackEngines\AndroidPlayer\OpenJDK
JAVA_TOOL_OPTIONS=-Dfile.encoding=UTF-8
PATH=C:\Windows\system32;C:\Windows;C:\Windows\System32\Wbem;C:\Windows\System32\WindowsPowerShell\v1.0\;C:\Windows\System32\OpenSSH\;C:\Program Files (x86)\NVIDIA Corporation\PhysX\Common;C:\Program Files\NVIDIA Corporation\NVIDIA NvDLISR;C:\Program Files\Git\cmd;C:\Program Files\dotnet\;C:\Users\Chunwan\AppData\Local\Microsoft\WindowsApps;C:\Users\Chunwan\AppData\Local\GitHubDesktop\bin;C:\Users\Chunwan\AppData\Local\Programs\Microsoft VS Code\bin;C:\Users\Chunwan\.dotnet\tools
USERNAME=Chunwan
OS=Windows_NT
PROCESSOR_IDENTIFIER=Intel64 Family 6 Model 141 Stepping 1, GenuineIntel



---------------  S Y S T E M  ---------------

OS: Windows 11 , 64 bit Build 22621 (10.0.22621.3527)
OS uptime: 0 days 23:20 hours

CPU:total 12 (initial active 12) (6 cores per cpu, 2 threads per core) family 6 model 141 stepping 1 microcode 0x34, cmov, cx8, fxsr, mmx, sse, sse2, sse3, ssse3, sse4.1, sse4.2, popcnt, avx, avx2, aes, clmul, erms, 3dnowpref, lzcnt, ht, tsc, tscinvbit, bmi1, bmi2, adx, evex, sha, fma

Memory: 4k page, system-wide physical 16121M (660M free)
TotalPageFile size 49248M (AvailPageFile size 86M)
current process WorkingSet (physical memory assigned to process): 11M, peak: 11M
current process commit charge ("private bytes"): 65M, peak: 316M

vm_info: OpenJDK 64-Bit Server VM (11.0.14.1+1) for windows-amd64 JRE (11.0.14.1+1), built on Feb  9 2022 01:48:27 by "" with unknown MS VC++:1916

END.
